The system is: Darwin - 20.3.0 - x86_64
Compiling the CXX compiler identification source file "CMakeCXXCompilerId.cpp" succeeded.
Compiler: /Library/Developer/CommandLineTools/usr/bin/c++ 
Build flags: 
Id flags: -c 

The output was:
0


Compilation of the CXX compiler identification source "CMakeCXXCompilerId.cpp" produced "CMakeCXXCompilerId.o"

The CXX compiler identification is AppleClang, found in "/Users/wpu/Documents/gtsam/cmake/CMakeFiles/3.19.4/CompilerIdCXX/CMakeCXXCompilerId.o"

Compiling the C compiler identification source file "CMakeCCompilerId.c" succeeded.
Compiler: /Library/Developer/CommandLineTools/usr/bin/cc 
Build flags: 
Id flags: -c 

The output was:
0


Compilation of the C compiler identification source "CMakeCCompilerId.c" produced "CMakeCCompilerId.o"

The C compiler identification is AppleClang, found in "/Users/wpu/Documents/gtsam/cmake/CMakeFiles/3.19.4/CompilerIdC/CMakeCCompilerId.o"

Detecting CXX compiler ABI info compiled with the following output:
Change Dir: /Users/wpu/Documents/gtsam/cmake/CMakeFiles/CMakeTmp

Run Build Command(s):/usr/bin/make cmTC_a80b7/fast && /Library/Developer/CommandLineTools/usr/bin/make  -f CMakeFiles/cmTC_a80b7.dir/build.make CMakeFiles/cmTC_a80b7.dir/build
Building CXX object CMakeFiles/cmTC_a80b7.dir/CMakeCXXCompilerABI.cpp.o
/Library/Developer/CommandLineTools/usr/bin/c++   -isysroot /Library/Developer/CommandLineTools/SDKs/MacOSX11.1.sdk   -v -Wl,-v -o CMakeFiles/cmTC_a80b7.dir/CMakeCXXCompilerABI.cpp.o -c /usr/local/Cellar/cmake/3.19.4/share/cmake/Modules/CMakeCXXCompilerABI.cpp
Apple clang version 12.0.0 (clang-1200.0.32.29)
Target: x86_64-apple-darwin20.3.0
Thread model: posix
InstalledDir: /Library/Developer/CommandLineTools/usr/bin
clang: warning: -Wl,-v: 'linker' input unused [-Wunused-command-line-argument]
ignoring nonexistent directory "/Library/Developer/CommandLineTools/SDKs/MacOSX11.1.sdk/usr/include/c++/v1"
 "/Library/Developer/CommandLineTools/usr/bin/clang" -cc1 -triple x86_64-apple-macosx11.0.0 -Wdeprecated-objc-isa-usage -Werror=deprecated-objc-isa-usage -Werror=implicit-function-declaration -emit-obj -mrelax-all -disable-free -disable-llvm-verifier -discard-value-names -main-file-name CMakeCXXCompilerABI.cpp -mrelocation-model pic -pic-level 2 -mthread-model posix -mframe-pointer=all -fno-strict-return -masm-verbose -munwind-tables -target-sdk-version=11.1 -target-cpu penryn -dwarf-column-info -debugger-tuning=lldb -target-linker-version 609.8 -v -resource-dir /Library/Developer/CommandLineTools/usr/lib/clang/12.0.0 -isysroot /Library/Developer/CommandLineTools/SDKs/MacOSX11.1.sdk -I/opt/intel/oneapi/tbb/latest/env/../include -I/opt/intel/oneapi/mkl/latest/include -I/opt/intel/oneapi/ippcp/2021.2.0/include -I/opt/intel/oneapi/ipp/2021.2.0/include -I/opt/intel/oneapi/dnnl/2021.2.0/cpu_iomp/lib -I/opt/intel/oneapi/dev-utilities/2021.2.0/include -I/opt/intel/oneapi/dal/2021.2.0/include -stdlib=libc++ -internal-isystem /Library/Developer/CommandLineTools/usr/bin/../include/c++/v1 -internal-isystem /Library/Developer/CommandLineTools/SDKs/MacOSX11.1.sdk/usr/local/include -internal-isystem /Library/Developer/CommandLineTools/usr/lib/clang/12.0.0/include -internal-externc-isystem /Library/Developer/CommandLineTools/SDKs/MacOSX11.1.sdk/usr/include -internal-externc-isystem /Library/Developer/CommandLineTools/usr/include -Wno-reorder-init-list -Wno-implicit-int-float-conversion -Wno-c99-designator -Wno-final-dtor-non-final-class -Wno-extra-semi-stmt -Wno-misleading-indentation -Wno-quoted-include-in-framework-header -Wno-implicit-fallthrough -Wno-enum-enum-conversion -Wno-enum-float-conversion -fdeprecated-macro -fdebug-compilation-dir /Users/wpu/Documents/gtsam/cmake/CMakeFiles/CMakeTmp -ferror-limit 19 -fmessage-length 0 -stack-protector 1 -fstack-check -mdarwin-stkchk-strong-link -fblocks -fencode-extended-block-signature -fregister-global-dtors-with-atexit -fgnuc-version=4.2.1 -fobjc-runtime=macosx-11.0.0 -fcxx-exceptions -fexceptions -fmax-type-align=16 -fdiagnostics-show-option -o CMakeFiles/cmTC_a80b7.dir/CMakeCXXCompilerABI.cpp.o -x c++ /usr/local/Cellar/cmake/3.19.4/share/cmake/Modules/CMakeCXXCompilerABI.cpp
clang -cc1 version 12.0.0 (clang-1200.0.32.29) default target x86_64-apple-darwin20.3.0
ignoring nonexistent directory "/Library/Developer/CommandLineTools/SDKs/MacOSX11.1.sdk/usr/local/include"
ignoring nonexistent directory "/Library/Developer/CommandLineTools/SDKs/MacOSX11.1.sdk/Library/Frameworks"
#include "..." search starts here:
#include <...> search starts here:
 /opt/intel/oneapi/tbb/latest/env/../include
 /opt/intel/oneapi/mkl/latest/include
 /opt/intel/oneapi/ippcp/2021.2.0/include
 /opt/intel/oneapi/ipp/2021.2.0/include
 /opt/intel/oneapi/dnnl/2021.2.0/cpu_iomp/lib
 /opt/intel/oneapi/dev-utilities/2021.2.0/include
 /opt/intel/oneapi/dal/2021.2.0/include
 /Library/Developer/CommandLineTools/usr/bin/../include/c++/v1
 /Library/Developer/CommandLineTools/usr/lib/clang/12.0.0/include
 /Library/Developer/CommandLineTools/SDKs/MacOSX11.1.sdk/usr/include
 /Library/Developer/CommandLineTools/usr/include
 /Library/Developer/CommandLineTools/SDKs/MacOSX11.1.sdk/System/Library/Frameworks (framework directory)
End of search list.
Linking CXX executable cmTC_a80b7
/usr/local/Cellar/cmake/3.19.4/bin/cmake -E cmake_link_script CMakeFiles/cmTC_a80b7.dir/link.txt --verbose=1
/Library/Developer/CommandLineTools/usr/bin/c++  -isysroot /Library/Developer/CommandLineTools/SDKs/MacOSX11.1.sdk -Wl,-search_paths_first -Wl,-headerpad_max_install_names  -v -Wl,-v CMakeFiles/cmTC_a80b7.dir/CMakeCXXCompilerABI.cpp.o -o cmTC_a80b7 
Apple clang version 12.0.0 (clang-1200.0.32.29)
Target: x86_64-apple-darwin20.3.0
Thread model: posix
InstalledDir: /Library/Developer/CommandLineTools/usr/bin
 "/Library/Developer/CommandLineTools/usr/bin/ld" -demangle -lto_library /Library/Developer/CommandLineTools/usr/lib/libLTO.dylib -dynamic -arch x86_64 -platform_version macos 11.0.0 11.1 -syslibroot /Library/Developer/CommandLineTools/SDKs/MacOSX11.1.sdk -o cmTC_a80b7 -L/opt/intel/oneapi/tbb/latest/env/../lib -L/opt/intel/oneapi/mkl/latest/lib -L/opt/intel/oneapi/ippcp/2021.2.0/lib -L/opt/intel/oneapi/ipp/2021.2.0/lib -L/opt/intel/oneapi/dnnl/2021.2.0/cpu_iomp/lib -L/opt/intel/oneapi/dal/2021.2.0/lib -search_paths_first -headerpad_max_install_names -v CMakeFiles/cmTC_a80b7.dir/CMakeCXXCompilerABI.cpp.o -lc++ -lSystem /Library/Developer/CommandLineTools/usr/lib/clang/12.0.0/lib/darwin/libclang_rt.osx.a
@(#)PROGRAM:ld  PROJECT:ld64-609.8
BUILD 15:07:46 Dec 18 2020
configured to support archs: armv6 armv7 armv7s arm64 arm64e arm64_32 i386 x86_64 x86_64h armv6m armv7k armv7m armv7em
Library search paths:
	/opt/intel/oneapi/tbb/2021.2.0/lib
	/opt/intel/oneapi/mkl/latest/lib
	/opt/intel/oneapi/ippcp/2021.2.0/lib
	/opt/intel/oneapi/ipp/2021.2.0/lib
	/opt/intel/oneapi/dnnl/2021.2.0/cpu_iomp/lib
	/opt/intel/oneapi/dal/2021.2.0/lib
	/Library/Developer/CommandLineTools/SDKs/MacOSX11.1.sdk/usr/lib
Framework search paths:
	/Library/Developer/CommandLineTools/SDKs/MacOSX11.1.sdk/System/Library/Frameworks/



Parsed CXX implicit include dir info from above output: rv=done
  found start of include info
  found start of implicit include info
    add: [/opt/intel/oneapi/tbb/latest/env/../include]
    add: [/opt/intel/oneapi/mkl/latest/include]
    add: [/opt/intel/oneapi/ippcp/2021.2.0/include]
    add: [/opt/intel/oneapi/ipp/2021.2.0/include]
    add: [/opt/intel/oneapi/dnnl/2021.2.0/cpu_iomp/lib]
    add: [/opt/intel/oneapi/dev-utilities/2021.2.0/include]
    add: [/opt/intel/oneapi/dal/2021.2.0/include]
    add: [/Library/Developer/CommandLineTools/usr/bin/../include/c++/v1]
    add: [/Library/Developer/CommandLineTools/usr/lib/clang/12.0.0/include]
    add: [/Library/Developer/CommandLineTools/SDKs/MacOSX11.1.sdk/usr/include]
    add: [/Library/Developer/CommandLineTools/usr/include]
  end of search list found
  collapse include dir [/opt/intel/oneapi/tbb/latest/env/../include] ==> [/opt/intel/oneapi/tbb/latest/include]
  collapse include dir [/opt/intel/oneapi/mkl/latest/include] ==> [/opt/intel/oneapi/mkl/latest/include]
  collapse include dir [/opt/intel/oneapi/ippcp/2021.2.0/include] ==> [/opt/intel/oneapi/ippcp/2021.2.0/include]
  collapse include dir [/opt/intel/oneapi/ipp/2021.2.0/include] ==> [/opt/intel/oneapi/ipp/2021.2.0/include]
  collapse include dir [/opt/intel/oneapi/dnnl/2021.2.0/cpu_iomp/lib] ==> [/opt/intel/oneapi/dnnl/2021.2.0/cpu_iomp/lib]
  collapse include dir [/opt/intel/oneapi/dev-utilities/2021.2.0/include] ==> [/opt/intel/oneapi/dev-utilities/2021.2.0/include]
  collapse include dir [/opt/intel/oneapi/dal/2021.2.0/include] ==> [/opt/intel/oneapi/dal/2021.2.0/include]
  collapse include dir [/Library/Developer/CommandLineTools/usr/bin/../include/c++/v1] ==> [/Library/Developer/CommandLineTools/usr/include/c++/v1]
  collapse include dir [/Library/Developer/CommandLineTools/usr/lib/clang/12.0.0/include] ==> [/Library/Developer/CommandLineTools/usr/lib/clang/12.0.0/include]
  collapse include dir [/Library/Developer/CommandLineTools/SDKs/MacOSX11.1.sdk/usr/include] ==> [/Library/Developer/CommandLineTools/SDKs/MacOSX11.1.sdk/usr/include]
  collapse include dir [/Library/Developer/CommandLineTools/usr/include] ==> [/Library/Developer/CommandLineTools/usr/include]
  implicit include dirs: [/opt/intel/oneapi/tbb/latest/include;/opt/intel/oneapi/mkl/latest/include;/opt/intel/oneapi/ippcp/2021.2.0/include;/opt/intel/oneapi/ipp/2021.2.0/include;/opt/intel/oneapi/dnnl/2021.2.0/cpu_iomp/lib;/opt/intel/oneapi/dev-utilities/2021.2.0/include;/opt/intel/oneapi/dal/2021.2.0/include;/Library/Developer/CommandLineTools/usr/include/c++/v1;/Library/Developer/CommandLineTools/usr/lib/clang/12.0.0/include;/Library/Developer/CommandLineTools/SDKs/MacOSX11.1.sdk/usr/include;/Library/Developer/CommandLineTools/usr/include]


Parsed CXX implicit link information from above output:
  link line regex: [^( *|.*[/\])(ld|CMAKE_LINK_STARTFILE-NOTFOUND|([^/\]+-)?ld|collect2)[^/\]*( |$)]
  ignore line: [Change Dir: /Users/wpu/Documents/gtsam/cmake/CMakeFiles/CMakeTmp]
  ignore line: []
  ignore line: [Run Build Command(s):/usr/bin/make cmTC_a80b7/fast && /Library/Developer/CommandLineTools/usr/bin/make  -f CMakeFiles/cmTC_a80b7.dir/build.make CMakeFiles/cmTC_a80b7.dir/build]
  ignore line: [Building CXX object CMakeFiles/cmTC_a80b7.dir/CMakeCXXCompilerABI.cpp.o]
  ignore line: [/Library/Developer/CommandLineTools/usr/bin/c++   -isysroot /Library/Developer/CommandLineTools/SDKs/MacOSX11.1.sdk   -v -Wl -v -o CMakeFiles/cmTC_a80b7.dir/CMakeCXXCompilerABI.cpp.o -c /usr/local/Cellar/cmake/3.19.4/share/cmake/Modules/CMakeCXXCompilerABI.cpp]
  ignore line: [Apple clang version 12.0.0 (clang-1200.0.32.29)]
  ignore line: [Target: x86_64-apple-darwin20.3.0]
  ignore line: [Thread model: posix]
  ignore line: [InstalledDir: /Library/Developer/CommandLineTools/usr/bin]
  ignore line: [clang: warning: -Wl -v: 'linker' input unused [-Wunused-command-line-argument]]
  ignore line: [ignoring nonexistent directory "/Library/Developer/CommandLineTools/SDKs/MacOSX11.1.sdk/usr/include/c++/v1"]
  ignore line: [ "/Library/Developer/CommandLineTools/usr/bin/clang" -cc1 -triple x86_64-apple-macosx11.0.0 -Wdeprecated-objc-isa-usage -Werror=deprecated-objc-isa-usage -Werror=implicit-function-declaration -emit-obj -mrelax-all -disable-free -disable-llvm-verifier -discard-value-names -main-file-name CMakeCXXCompilerABI.cpp -mrelocation-model pic -pic-level 2 -mthread-model posix -mframe-pointer=all -fno-strict-return -masm-verbose -munwind-tables -target-sdk-version=11.1 -target-cpu penryn -dwarf-column-info -debugger-tuning=lldb -target-linker-version 609.8 -v -resource-dir /Library/Developer/CommandLineTools/usr/lib/clang/12.0.0 -isysroot /Library/Developer/CommandLineTools/SDKs/MacOSX11.1.sdk -I/opt/intel/oneapi/tbb/latest/env/../include -I/opt/intel/oneapi/mkl/latest/include -I/opt/intel/oneapi/ippcp/2021.2.0/include -I/opt/intel/oneapi/ipp/2021.2.0/include -I/opt/intel/oneapi/dnnl/2021.2.0/cpu_iomp/lib -I/opt/intel/oneapi/dev-utilities/2021.2.0/include -I/opt/intel/oneapi/dal/2021.2.0/include -stdlib=libc++ -internal-isystem /Library/Developer/CommandLineTools/usr/bin/../include/c++/v1 -internal-isystem /Library/Developer/CommandLineTools/SDKs/MacOSX11.1.sdk/usr/local/include -internal-isystem /Library/Developer/CommandLineTools/usr/lib/clang/12.0.0/include -internal-externc-isystem /Library/Developer/CommandLineTools/SDKs/MacOSX11.1.sdk/usr/include -internal-externc-isystem /Library/Developer/CommandLineTools/usr/include -Wno-reorder-init-list -Wno-implicit-int-float-conversion -Wno-c99-designator -Wno-final-dtor-non-final-class -Wno-extra-semi-stmt -Wno-misleading-indentation -Wno-quoted-include-in-framework-header -Wno-implicit-fallthrough -Wno-enum-enum-conversion -Wno-enum-float-conversion -fdeprecated-macro -fdebug-compilation-dir /Users/wpu/Documents/gtsam/cmake/CMakeFiles/CMakeTmp -ferror-limit 19 -fmessage-length 0 -stack-protector 1 -fstack-check -mdarwin-stkchk-strong-link -fblocks -fencode-extended-block-signature -fregister-global-dtors-with-atexit -fgnuc-version=4.2.1 -fobjc-runtime=macosx-11.0.0 -fcxx-exceptions -fexceptions -fmax-type-align=16 -fdiagnostics-show-option -o CMakeFiles/cmTC_a80b7.dir/CMakeCXXCompilerABI.cpp.o -x c++ /usr/local/Cellar/cmake/3.19.4/share/cmake/Modules/CMakeCXXCompilerABI.cpp]
  ignore line: [clang -cc1 version 12.0.0 (clang-1200.0.32.29) default target x86_64-apple-darwin20.3.0]
  ignore line: [ignoring nonexistent directory "/Library/Developer/CommandLineTools/SDKs/MacOSX11.1.sdk/usr/local/include"]
  ignore line: [ignoring nonexistent directory "/Library/Developer/CommandLineTools/SDKs/MacOSX11.1.sdk/Library/Frameworks"]
  ignore line: [#include "..." search starts here:]
  ignore line: [#include <...> search starts here:]
  ignore line: [ /opt/intel/oneapi/tbb/latest/env/../include]
  ignore line: [ /opt/intel/oneapi/mkl/latest/include]
  ignore line: [ /opt/intel/oneapi/ippcp/2021.2.0/include]
  ignore line: [ /opt/intel/oneapi/ipp/2021.2.0/include]
  ignore line: [ /opt/intel/oneapi/dnnl/2021.2.0/cpu_iomp/lib]
  ignore line: [ /opt/intel/oneapi/dev-utilities/2021.2.0/include]
  ignore line: [ /opt/intel/oneapi/dal/2021.2.0/include]
  ignore line: [ /Library/Developer/CommandLineTools/usr/bin/../include/c++/v1]
  ignore line: [ /Library/Developer/CommandLineTools/usr/lib/clang/12.0.0/include]
  ignore line: [ /Library/Developer/CommandLineTools/SDKs/MacOSX11.1.sdk/usr/include]
  ignore line: [ /Library/Developer/CommandLineTools/usr/include]
  ignore line: [ /Library/Developer/CommandLineTools/SDKs/MacOSX11.1.sdk/System/Library/Frameworks (framework directory)]
  ignore line: [End of search list.]
  ignore line: [Linking CXX executable cmTC_a80b7]
  ignore line: [/usr/local/Cellar/cmake/3.19.4/bin/cmake -E cmake_link_script CMakeFiles/cmTC_a80b7.dir/link.txt --verbose=1]
  ignore line: [/Library/Developer/CommandLineTools/usr/bin/c++  -isysroot /Library/Developer/CommandLineTools/SDKs/MacOSX11.1.sdk -Wl -search_paths_first -Wl -headerpad_max_install_names  -v -Wl -v CMakeFiles/cmTC_a80b7.dir/CMakeCXXCompilerABI.cpp.o -o cmTC_a80b7 ]
  ignore line: [Apple clang version 12.0.0 (clang-1200.0.32.29)]
  ignore line: [Target: x86_64-apple-darwin20.3.0]
  ignore line: [Thread model: posix]
  ignore line: [InstalledDir: /Library/Developer/CommandLineTools/usr/bin]
  link line: [ "/Library/Developer/CommandLineTools/usr/bin/ld" -demangle -lto_library /Library/Developer/CommandLineTools/usr/lib/libLTO.dylib -dynamic -arch x86_64 -platform_version macos 11.0.0 11.1 -syslibroot /Library/Developer/CommandLineTools/SDKs/MacOSX11.1.sdk -o cmTC_a80b7 -L/opt/intel/oneapi/tbb/latest/env/../lib -L/opt/intel/oneapi/mkl/latest/lib -L/opt/intel/oneapi/ippcp/2021.2.0/lib -L/opt/intel/oneapi/ipp/2021.2.0/lib -L/opt/intel/oneapi/dnnl/2021.2.0/cpu_iomp/lib -L/opt/intel/oneapi/dal/2021.2.0/lib -search_paths_first -headerpad_max_install_names -v CMakeFiles/cmTC_a80b7.dir/CMakeCXXCompilerABI.cpp.o -lc++ -lSystem /Library/Developer/CommandLineTools/usr/lib/clang/12.0.0/lib/darwin/libclang_rt.osx.a]
    arg [/Library/Developer/CommandLineTools/usr/bin/ld] ==> ignore
    arg [-demangle] ==> ignore
    arg [-lto_library] ==> ignore, skip following value
    arg [/Library/Developer/CommandLineTools/usr/lib/libLTO.dylib] ==> skip value of -lto_library
    arg [-dynamic] ==> ignore
    arg [-arch] ==> ignore
    arg [x86_64] ==> ignore
    arg [-platform_version] ==> ignore
    arg [macos] ==> ignore
    arg [11.0.0] ==> ignore
    arg [11.1] ==> ignore
    arg [-syslibroot] ==> ignore
    arg [/Library/Developer/CommandLineTools/SDKs/MacOSX11.1.sdk] ==> ignore
    arg [-o] ==> ignore
    arg [cmTC_a80b7] ==> ignore
    arg [-L/opt/intel/oneapi/tbb/latest/env/../lib] ==> dir [/opt/intel/oneapi/tbb/latest/env/../lib]
    arg [-L/opt/intel/oneapi/mkl/latest/lib] ==> dir [/opt/intel/oneapi/mkl/latest/lib]
    arg [-L/opt/intel/oneapi/ippcp/2021.2.0/lib] ==> dir [/opt/intel/oneapi/ippcp/2021.2.0/lib]
    arg [-L/opt/intel/oneapi/ipp/2021.2.0/lib] ==> dir [/opt/intel/oneapi/ipp/2021.2.0/lib]
    arg [-L/opt/intel/oneapi/dnnl/2021.2.0/cpu_iomp/lib] ==> dir [/opt/intel/oneapi/dnnl/2021.2.0/cpu_iomp/lib]
    arg [-L/opt/intel/oneapi/dal/2021.2.0/lib] ==> dir [/opt/intel/oneapi/dal/2021.2.0/lib]
    arg [-search_paths_first] ==> ignore
    arg [-headerpad_max_install_names] ==> ignore
    arg [-v] ==> ignore
    arg [CMakeFiles/cmTC_a80b7.dir/CMakeCXXCompilerABI.cpp.o] ==> ignore
    arg [-lc++] ==> lib [c++]
    arg [-lSystem] ==> lib [System]
    arg [/Library/Developer/CommandLineTools/usr/lib/clang/12.0.0/lib/darwin/libclang_rt.osx.a] ==> lib [/Library/Developer/CommandLineTools/usr/lib/clang/12.0.0/lib/darwin/libclang_rt.osx.a]
  Library search paths: [;/opt/intel/oneapi/tbb/2021.2.0/lib;/opt/intel/oneapi/mkl/latest/lib;/opt/intel/oneapi/ippcp/2021.2.0/lib;/opt/intel/oneapi/ipp/2021.2.0/lib;/opt/intel/oneapi/dnnl/2021.2.0/cpu_iomp/lib;/opt/intel/oneapi/dal/2021.2.0/lib;/Library/Developer/CommandLineTools/SDKs/MacOSX11.1.sdk/usr/lib]
  Framework search paths: [;/Library/Developer/CommandLineTools/SDKs/MacOSX11.1.sdk/System/Library/Frameworks/]
  remove lib [System]
  remove lib [/Library/Developer/CommandLineTools/usr/lib/clang/12.0.0/lib/darwin/libclang_rt.osx.a]
  collapse library dir [/opt/intel/oneapi/tbb/latest/env/../lib] ==> [/opt/intel/oneapi/tbb/latest/lib]
  collapse library dir [/opt/intel/oneapi/mkl/latest/lib] ==> [/opt/intel/oneapi/mkl/latest/lib]
  collapse library dir [/opt/intel/oneapi/ippcp/2021.2.0/lib] ==> [/opt/intel/oneapi/ippcp/2021.2.0/lib]
  collapse library dir [/opt/intel/oneapi/ipp/2021.2.0/lib] ==> [/opt/intel/oneapi/ipp/2021.2.0/lib]
  collapse library dir [/opt/intel/oneapi/dnnl/2021.2.0/cpu_iomp/lib] ==> [/opt/intel/oneapi/dnnl/2021.2.0/cpu_iomp/lib]
  collapse library dir [/opt/intel/oneapi/dal/2021.2.0/lib] ==> [/opt/intel/oneapi/dal/2021.2.0/lib]
  collapse library dir [/opt/intel/oneapi/tbb/2021.2.0/lib] ==> [/opt/intel/oneapi/tbb/2021.2.0/lib]
  collapse library dir [/opt/intel/oneapi/mkl/latest/lib] ==> [/opt/intel/oneapi/mkl/latest/lib]
  collapse library dir [/opt/intel/oneapi/ippcp/2021.2.0/lib] ==> [/opt/intel/oneapi/ippcp/2021.2.0/lib]
  collapse library dir [/opt/intel/oneapi/ipp/2021.2.0/lib] ==> [/opt/intel/oneapi/ipp/2021.2.0/lib]
  collapse library dir [/opt/intel/oneapi/dnnl/2021.2.0/cpu_iomp/lib] ==> [/opt/intel/oneapi/dnnl/2021.2.0/cpu_iomp/lib]
  collapse library dir [/opt/intel/oneapi/dal/2021.2.0/lib] ==> [/opt/intel/oneapi/dal/2021.2.0/lib]
  collapse library dir [/Library/Developer/CommandLineTools/SDKs/MacOSX11.1.sdk/usr/lib] ==> [/Library/Developer/CommandLineTools/SDKs/MacOSX11.1.sdk/usr/lib]
  collapse framework dir [/Library/Developer/CommandLineTools/SDKs/MacOSX11.1.sdk/System/Library/Frameworks/] ==> [/Library/Developer/CommandLineTools/SDKs/MacOSX11.1.sdk/System/Library/Frameworks]
  implicit libs: [c++]
  implicit dirs: [/opt/intel/oneapi/tbb/latest/lib;/opt/intel/oneapi/mkl/latest/lib;/opt/intel/oneapi/ippcp/2021.2.0/lib;/opt/intel/oneapi/ipp/2021.2.0/lib;/opt/intel/oneapi/dnnl/2021.2.0/cpu_iomp/lib;/opt/intel/oneapi/dal/2021.2.0/lib;/opt/intel/oneapi/tbb/2021.2.0/lib;/Library/Developer/CommandLineTools/SDKs/MacOSX11.1.sdk/usr/lib]
  implicit fwks: [/Library/Developer/CommandLineTools/SDKs/MacOSX11.1.sdk/System/Library/Frameworks]


Detecting C compiler ABI info compiled with the following output:
Change Dir: /Users/wpu/Documents/gtsam/cmake/CMakeFiles/CMakeTmp

Run Build Command(s):/usr/bin/make cmTC_3539d/fast && /Library/Developer/CommandLineTools/usr/bin/make  -f CMakeFiles/cmTC_3539d.dir/build.make CMakeFiles/cmTC_3539d.dir/build
Building C object CMakeFiles/cmTC_3539d.dir/CMakeCCompilerABI.c.o
/Library/Developer/CommandLineTools/usr/bin/cc   -isysroot /Library/Developer/CommandLineTools/SDKs/MacOSX11.1.sdk   -v -Wl,-v -o CMakeFiles/cmTC_3539d.dir/CMakeCCompilerABI.c.o -c /usr/local/Cellar/cmake/3.19.4/share/cmake/Modules/CMakeCCompilerABI.c
Apple clang version 12.0.0 (clang-1200.0.32.29)
Target: x86_64-apple-darwin20.3.0
Thread model: posix
InstalledDir: /Library/Developer/CommandLineTools/usr/bin
clang: warning: -Wl,-v: 'linker' input unused [-Wunused-command-line-argument]
 "/Library/Developer/CommandLineTools/usr/bin/clang" -cc1 -triple x86_64-apple-macosx11.0.0 -Wdeprecated-objc-isa-usage -Werror=deprecated-objc-isa-usage -Werror=implicit-function-declaration -emit-obj -mrelax-all -disable-free -disable-llvm-verifier -discard-value-names -main-file-name CMakeCCompilerABI.c -mrelocation-model pic -pic-level 2 -mthread-model posix -mframe-pointer=all -fno-strict-return -masm-verbose -munwind-tables -target-sdk-version=11.1 -target-cpu penryn -dwarf-column-info -debugger-tuning=lldb -target-linker-version 609.8 -v -resource-dir /Library/Developer/CommandLineTools/usr/lib/clang/12.0.0 -isysroot /Library/Developer/CommandLineTools/SDKs/MacOSX11.1.sdk -I/opt/intel/oneapi/tbb/latest/env/../include -I/opt/intel/oneapi/mkl/latest/include -I/opt/intel/oneapi/ippcp/2021.2.0/include -I/opt/intel/oneapi/ipp/2021.2.0/include -I/opt/intel/oneapi/dnnl/2021.2.0/cpu_iomp/lib -I/opt/intel/oneapi/dev-utilities/2021.2.0/include -I/opt/intel/oneapi/dal/2021.2.0/include -internal-isystem /Library/Developer/CommandLineTools/SDKs/MacOSX11.1.sdk/usr/local/include -internal-isystem /Library/Developer/CommandLineTools/usr/lib/clang/12.0.0/include -internal-externc-isystem /Library/Developer/CommandLineTools/SDKs/MacOSX11.1.sdk/usr/include -internal-externc-isystem /Library/Developer/CommandLineTools/usr/include -Wno-reorder-init-list -Wno-implicit-int-float-conversion -Wno-c99-designator -Wno-final-dtor-non-final-class -Wno-extra-semi-stmt -Wno-misleading-indentation -Wno-quoted-include-in-framework-header -Wno-implicit-fallthrough -Wno-enum-enum-conversion -Wno-enum-float-conversion -fdebug-compilation-dir /Users/wpu/Documents/gtsam/cmake/CMakeFiles/CMakeTmp -ferror-limit 19 -fmessage-length 0 -stack-protector 1 -fstack-check -mdarwin-stkchk-strong-link -fblocks -fencode-extended-block-signature -fregister-global-dtors-with-atexit -fgnuc-version=4.2.1 -fobjc-runtime=macosx-11.0.0 -fmax-type-align=16 -fdiagnostics-show-option -o CMakeFiles/cmTC_3539d.dir/CMakeCCompilerABI.c.o -x c /usr/local/Cellar/cmake/3.19.4/share/cmake/Modules/CMakeCCompilerABI.c
clang -cc1 version 12.0.0 (clang-1200.0.32.29) default target x86_64-apple-darwin20.3.0
ignoring nonexistent directory "/Library/Developer/CommandLineTools/SDKs/MacOSX11.1.sdk/usr/local/include"
ignoring nonexistent directory "/Library/Developer/CommandLineTools/SDKs/MacOSX11.1.sdk/Library/Frameworks"
#include "..." search starts here:
#include <...> search starts here:
 /opt/intel/oneapi/tbb/latest/env/../include
 /opt/intel/oneapi/mkl/latest/include
 /opt/intel/oneapi/ippcp/2021.2.0/include
 /opt/intel/oneapi/ipp/2021.2.0/include
 /opt/intel/oneapi/dnnl/2021.2.0/cpu_iomp/lib
 /opt/intel/oneapi/dev-utilities/2021.2.0/include
 /opt/intel/oneapi/dal/2021.2.0/include
 /Library/Developer/CommandLineTools/usr/lib/clang/12.0.0/include
 /Library/Developer/CommandLineTools/SDKs/MacOSX11.1.sdk/usr/include
 /Library/Developer/CommandLineTools/usr/include
 /Library/Developer/CommandLineTools/SDKs/MacOSX11.1.sdk/System/Library/Frameworks (framework directory)
End of search list.
Linking C executable cmTC_3539d
/usr/local/Cellar/cmake/3.19.4/bin/cmake -E cmake_link_script CMakeFiles/cmTC_3539d.dir/link.txt --verbose=1
/Library/Developer/CommandLineTools/usr/bin/cc  -isysroot /Library/Developer/CommandLineTools/SDKs/MacOSX11.1.sdk -Wl,-search_paths_first -Wl,-headerpad_max_install_names  -v -Wl,-v CMakeFiles/cmTC_3539d.dir/CMakeCCompilerABI.c.o -o cmTC_3539d 
Apple clang version 12.0.0 (clang-1200.0.32.29)
Target: x86_64-apple-darwin20.3.0
Thread model: posix
InstalledDir: /Library/Developer/CommandLineTools/usr/bin
 "/Library/Developer/CommandLineTools/usr/bin/ld" -demangle -lto_library /Library/Developer/CommandLineTools/usr/lib/libLTO.dylib -dynamic -arch x86_64 -platform_version macos 11.0.0 11.1 -syslibroot /Library/Developer/CommandLineTools/SDKs/MacOSX11.1.sdk -o cmTC_3539d -L/opt/intel/oneapi/tbb/latest/env/../lib -L/opt/intel/oneapi/mkl/latest/lib -L/opt/intel/oneapi/ippcp/2021.2.0/lib -L/opt/intel/oneapi/ipp/2021.2.0/lib -L/opt/intel/oneapi/dnnl/2021.2.0/cpu_iomp/lib -L/opt/intel/oneapi/dal/2021.2.0/lib -search_paths_first -headerpad_max_install_names -v CMakeFiles/cmTC_3539d.dir/CMakeCCompilerABI.c.o -lSystem /Library/Developer/CommandLineTools/usr/lib/clang/12.0.0/lib/darwin/libclang_rt.osx.a
@(#)PROGRAM:ld  PROJECT:ld64-609.8
BUILD 15:07:46 Dec 18 2020
configured to support archs: armv6 armv7 armv7s arm64 arm64e arm64_32 i386 x86_64 x86_64h armv6m armv7k armv7m armv7em
Library search paths:
	/opt/intel/oneapi/tbb/2021.2.0/lib
	/opt/intel/oneapi/mkl/latest/lib
	/opt/intel/oneapi/ippcp/2021.2.0/lib
	/opt/intel/oneapi/ipp/2021.2.0/lib
	/opt/intel/oneapi/dnnl/2021.2.0/cpu_iomp/lib
	/opt/intel/oneapi/dal/2021.2.0/lib
	/Library/Developer/CommandLineTools/SDKs/MacOSX11.1.sdk/usr/lib
Framework search paths:
	/Library/Developer/CommandLineTools/SDKs/MacOSX11.1.sdk/System/Library/Frameworks/



Parsed C implicit include dir info from above output: rv=done
  found start of include info
  found start of implicit include info
    add: [/opt/intel/oneapi/tbb/latest/env/../include]
    add: [/opt/intel/oneapi/mkl/latest/include]
    add: [/opt/intel/oneapi/ippcp/2021.2.0/include]
    add: [/opt/intel/oneapi/ipp/2021.2.0/include]
    add: [/opt/intel/oneapi/dnnl/2021.2.0/cpu_iomp/lib]
    add: [/opt/intel/oneapi/dev-utilities/2021.2.0/include]
    add: [/opt/intel/oneapi/dal/2021.2.0/include]
    add: [/Library/Developer/CommandLineTools/usr/lib/clang/12.0.0/include]
    add: [/Library/Developer/CommandLineTools/SDKs/MacOSX11.1.sdk/usr/include]
    add: [/Library/Developer/CommandLineTools/usr/include]
  end of search list found
  collapse include dir [/opt/intel/oneapi/tbb/latest/env/../include] ==> [/opt/intel/oneapi/tbb/latest/include]
  collapse include dir [/opt/intel/oneapi/mkl/latest/include] ==> [/opt/intel/oneapi/mkl/latest/include]
  collapse include dir [/opt/intel/oneapi/ippcp/2021.2.0/include] ==> [/opt/intel/oneapi/ippcp/2021.2.0/include]
  collapse include dir [/opt/intel/oneapi/ipp/2021.2.0/include] ==> [/opt/intel/oneapi/ipp/2021.2.0/include]
  collapse include dir [/opt/intel/oneapi/dnnl/2021.2.0/cpu_iomp/lib] ==> [/opt/intel/oneapi/dnnl/2021.2.0/cpu_iomp/lib]
  collapse include dir [/opt/intel/oneapi/dev-utilities/2021.2.0/include] ==> [/opt/intel/oneapi/dev-utilities/2021.2.0/include]
  collapse include dir [/opt/intel/oneapi/dal/2021.2.0/include] ==> [/opt/intel/oneapi/dal/2021.2.0/include]
  collapse include dir [/Library/Developer/CommandLineTools/usr/lib/clang/12.0.0/include] ==> [/Library/Developer/CommandLineTools/usr/lib/clang/12.0.0/include]
  collapse include dir [/Library/Developer/CommandLineTools/SDKs/MacOSX11.1.sdk/usr/include] ==> [/Library/Developer/CommandLineTools/SDKs/MacOSX11.1.sdk/usr/include]
  collapse include dir [/Library/Developer/CommandLineTools/usr/include] ==> [/Library/Developer/CommandLineTools/usr/include]
  implicit include dirs: [/opt/intel/oneapi/tbb/latest/include;/opt/intel/oneapi/mkl/latest/include;/opt/intel/oneapi/ippcp/2021.2.0/include;/opt/intel/oneapi/ipp/2021.2.0/include;/opt/intel/oneapi/dnnl/2021.2.0/cpu_iomp/lib;/opt/intel/oneapi/dev-utilities/2021.2.0/include;/opt/intel/oneapi/dal/2021.2.0/include;/Library/Developer/CommandLineTools/usr/lib/clang/12.0.0/include;/Library/Developer/CommandLineTools/SDKs/MacOSX11.1.sdk/usr/include;/Library/Developer/CommandLineTools/usr/include]


Parsed C implicit link information from above output:
  link line regex: [^( *|.*[/\])(ld|CMAKE_LINK_STARTFILE-NOTFOUND|([^/\]+-)?ld|collect2)[^/\]*( |$)]
  ignore line: [Change Dir: /Users/wpu/Documents/gtsam/cmake/CMakeFiles/CMakeTmp]
  ignore line: []
  ignore line: [Run Build Command(s):/usr/bin/make cmTC_3539d/fast && /Library/Developer/CommandLineTools/usr/bin/make  -f CMakeFiles/cmTC_3539d.dir/build.make CMakeFiles/cmTC_3539d.dir/build]
  ignore line: [Building C object CMakeFiles/cmTC_3539d.dir/CMakeCCompilerABI.c.o]
  ignore line: [/Library/Developer/CommandLineTools/usr/bin/cc   -isysroot /Library/Developer/CommandLineTools/SDKs/MacOSX11.1.sdk   -v -Wl -v -o CMakeFiles/cmTC_3539d.dir/CMakeCCompilerABI.c.o -c /usr/local/Cellar/cmake/3.19.4/share/cmake/Modules/CMakeCCompilerABI.c]
  ignore line: [Apple clang version 12.0.0 (clang-1200.0.32.29)]
  ignore line: [Target: x86_64-apple-darwin20.3.0]
  ignore line: [Thread model: posix]
  ignore line: [InstalledDir: /Library/Developer/CommandLineTools/usr/bin]
  ignore line: [clang: warning: -Wl -v: 'linker' input unused [-Wunused-command-line-argument]]
  ignore line: [ "/Library/Developer/CommandLineTools/usr/bin/clang" -cc1 -triple x86_64-apple-macosx11.0.0 -Wdeprecated-objc-isa-usage -Werror=deprecated-objc-isa-usage -Werror=implicit-function-declaration -emit-obj -mrelax-all -disable-free -disable-llvm-verifier -discard-value-names -main-file-name CMakeCCompilerABI.c -mrelocation-model pic -pic-level 2 -mthread-model posix -mframe-pointer=all -fno-strict-return -masm-verbose -munwind-tables -target-sdk-version=11.1 -target-cpu penryn -dwarf-column-info -debugger-tuning=lldb -target-linker-version 609.8 -v -resource-dir /Library/Developer/CommandLineTools/usr/lib/clang/12.0.0 -isysroot /Library/Developer/CommandLineTools/SDKs/MacOSX11.1.sdk -I/opt/intel/oneapi/tbb/latest/env/../include -I/opt/intel/oneapi/mkl/latest/include -I/opt/intel/oneapi/ippcp/2021.2.0/include -I/opt/intel/oneapi/ipp/2021.2.0/include -I/opt/intel/oneapi/dnnl/2021.2.0/cpu_iomp/lib -I/opt/intel/oneapi/dev-utilities/2021.2.0/include -I/opt/intel/oneapi/dal/2021.2.0/include -internal-isystem /Library/Developer/CommandLineTools/SDKs/MacOSX11.1.sdk/usr/local/include -internal-isystem /Library/Developer/CommandLineTools/usr/lib/clang/12.0.0/include -internal-externc-isystem /Library/Developer/CommandLineTools/SDKs/MacOSX11.1.sdk/usr/include -internal-externc-isystem /Library/Developer/CommandLineTools/usr/include -Wno-reorder-init-list -Wno-implicit-int-float-conversion -Wno-c99-designator -Wno-final-dtor-non-final-class -Wno-extra-semi-stmt -Wno-misleading-indentation -Wno-quoted-include-in-framework-header -Wno-implicit-fallthrough -Wno-enum-enum-conversion -Wno-enum-float-conversion -fdebug-compilation-dir /Users/wpu/Documents/gtsam/cmake/CMakeFiles/CMakeTmp -ferror-limit 19 -fmessage-length 0 -stack-protector 1 -fstack-check -mdarwin-stkchk-strong-link -fblocks -fencode-extended-block-signature -fregister-global-dtors-with-atexit -fgnuc-version=4.2.1 -fobjc-runtime=macosx-11.0.0 -fmax-type-align=16 -fdiagnostics-show-option -o CMakeFiles/cmTC_3539d.dir/CMakeCCompilerABI.c.o -x c /usr/local/Cellar/cmake/3.19.4/share/cmake/Modules/CMakeCCompilerABI.c]
  ignore line: [clang -cc1 version 12.0.0 (clang-1200.0.32.29) default target x86_64-apple-darwin20.3.0]
  ignore line: [ignoring nonexistent directory "/Library/Developer/CommandLineTools/SDKs/MacOSX11.1.sdk/usr/local/include"]
  ignore line: [ignoring nonexistent directory "/Library/Developer/CommandLineTools/SDKs/MacOSX11.1.sdk/Library/Frameworks"]
  ignore line: [#include "..." search starts here:]
  ignore line: [#include <...> search starts here:]
  ignore line: [ /opt/intel/oneapi/tbb/latest/env/../include]
  ignore line: [ /opt/intel/oneapi/mkl/latest/include]
  ignore line: [ /opt/intel/oneapi/ippcp/2021.2.0/include]
  ignore line: [ /opt/intel/oneapi/ipp/2021.2.0/include]
  ignore line: [ /opt/intel/oneapi/dnnl/2021.2.0/cpu_iomp/lib]
  ignore line: [ /opt/intel/oneapi/dev-utilities/2021.2.0/include]
  ignore line: [ /opt/intel/oneapi/dal/2021.2.0/include]
  ignore line: [ /Library/Developer/CommandLineTools/usr/lib/clang/12.0.0/include]
  ignore line: [ /Library/Developer/CommandLineTools/SDKs/MacOSX11.1.sdk/usr/include]
  ignore line: [ /Library/Developer/CommandLineTools/usr/include]
  ignore line: [ /Library/Developer/CommandLineTools/SDKs/MacOSX11.1.sdk/System/Library/Frameworks (framework directory)]
  ignore line: [End of search list.]
  ignore line: [Linking C executable cmTC_3539d]
  ignore line: [/usr/local/Cellar/cmake/3.19.4/bin/cmake -E cmake_link_script CMakeFiles/cmTC_3539d.dir/link.txt --verbose=1]
  ignore line: [/Library/Developer/CommandLineTools/usr/bin/cc  -isysroot /Library/Developer/CommandLineTools/SDKs/MacOSX11.1.sdk -Wl -search_paths_first -Wl -headerpad_max_install_names  -v -Wl -v CMakeFiles/cmTC_3539d.dir/CMakeCCompilerABI.c.o -o cmTC_3539d ]
  ignore line: [Apple clang version 12.0.0 (clang-1200.0.32.29)]
  ignore line: [Target: x86_64-apple-darwin20.3.0]
  ignore line: [Thread model: posix]
  ignore line: [InstalledDir: /Library/Developer/CommandLineTools/usr/bin]
  link line: [ "/Library/Developer/CommandLineTools/usr/bin/ld" -demangle -lto_library /Library/Developer/CommandLineTools/usr/lib/libLTO.dylib -dynamic -arch x86_64 -platform_version macos 11.0.0 11.1 -syslibroot /Library/Developer/CommandLineTools/SDKs/MacOSX11.1.sdk -o cmTC_3539d -L/opt/intel/oneapi/tbb/latest/env/../lib -L/opt/intel/oneapi/mkl/latest/lib -L/opt/intel/oneapi/ippcp/2021.2.0/lib -L/opt/intel/oneapi/ipp/2021.2.0/lib -L/opt/intel/oneapi/dnnl/2021.2.0/cpu_iomp/lib -L/opt/intel/oneapi/dal/2021.2.0/lib -search_paths_first -headerpad_max_install_names -v CMakeFiles/cmTC_3539d.dir/CMakeCCompilerABI.c.o -lSystem /Library/Developer/CommandLineTools/usr/lib/clang/12.0.0/lib/darwin/libclang_rt.osx.a]
    arg [/Library/Developer/CommandLineTools/usr/bin/ld] ==> ignore
    arg [-demangle] ==> ignore
    arg [-lto_library] ==> ignore, skip following value
    arg [/Library/Developer/CommandLineTools/usr/lib/libLTO.dylib] ==> skip value of -lto_library
    arg [-dynamic] ==> ignore
    arg [-arch] ==> ignore
    arg [x86_64] ==> ignore
    arg [-platform_version] ==> ignore
    arg [macos] ==> ignore
    arg [11.0.0] ==> ignore
    arg [11.1] ==> ignore
    arg [-syslibroot] ==> ignore
    arg [/Library/Developer/CommandLineTools/SDKs/MacOSX11.1.sdk] ==> ignore
    arg [-o] ==> ignore
    arg [cmTC_3539d] ==> ignore
    arg [-L/opt/intel/oneapi/tbb/latest/env/../lib] ==> dir [/opt/intel/oneapi/tbb/latest/env/../lib]
    arg [-L/opt/intel/oneapi/mkl/latest/lib] ==> dir [/opt/intel/oneapi/mkl/latest/lib]
    arg [-L/opt/intel/oneapi/ippcp/2021.2.0/lib] ==> dir [/opt/intel/oneapi/ippcp/2021.2.0/lib]
    arg [-L/opt/intel/oneapi/ipp/2021.2.0/lib] ==> dir [/opt/intel/oneapi/ipp/2021.2.0/lib]
    arg [-L/opt/intel/oneapi/dnnl/2021.2.0/cpu_iomp/lib] ==> dir [/opt/intel/oneapi/dnnl/2021.2.0/cpu_iomp/lib]
    arg [-L/opt/intel/oneapi/dal/2021.2.0/lib] ==> dir [/opt/intel/oneapi/dal/2021.2.0/lib]
    arg [-search_paths_first] ==> ignore
    arg [-headerpad_max_install_names] ==> ignore
    arg [-v] ==> ignore
    arg [CMakeFiles/cmTC_3539d.dir/CMakeCCompilerABI.c.o] ==> ignore
    arg [-lSystem] ==> lib [System]
    arg [/Library/Developer/CommandLineTools/usr/lib/clang/12.0.0/lib/darwin/libclang_rt.osx.a] ==> lib [/Library/Developer/CommandLineTools/usr/lib/clang/12.0.0/lib/darwin/libclang_rt.osx.a]
  Library search paths: [;/opt/intel/oneapi/tbb/2021.2.0/lib;/opt/intel/oneapi/mkl/latest/lib;/opt/intel/oneapi/ippcp/2021.2.0/lib;/opt/intel/oneapi/ipp/2021.2.0/lib;/opt/intel/oneapi/dnnl/2021.2.0/cpu_iomp/lib;/opt/intel/oneapi/dal/2021.2.0/lib;/Library/Developer/CommandLineTools/SDKs/MacOSX11.1.sdk/usr/lib]
  Framework search paths: [;/Library/Developer/CommandLineTools/SDKs/MacOSX11.1.sdk/System/Library/Frameworks/]
  remove lib [System]
  remove lib [/Library/Developer/CommandLineTools/usr/lib/clang/12.0.0/lib/darwin/libclang_rt.osx.a]
  collapse library dir [/opt/intel/oneapi/tbb/latest/env/../lib] ==> [/opt/intel/oneapi/tbb/latest/lib]
  collapse library dir [/opt/intel/oneapi/mkl/latest/lib] ==> [/opt/intel/oneapi/mkl/latest/lib]
  collapse library dir [/opt/intel/oneapi/ippcp/2021.2.0/lib] ==> [/opt/intel/oneapi/ippcp/2021.2.0/lib]
  collapse library dir [/opt/intel/oneapi/ipp/2021.2.0/lib] ==> [/opt/intel/oneapi/ipp/2021.2.0/lib]
  collapse library dir [/opt/intel/oneapi/dnnl/2021.2.0/cpu_iomp/lib] ==> [/opt/intel/oneapi/dnnl/2021.2.0/cpu_iomp/lib]
  collapse library dir [/opt/intel/oneapi/dal/2021.2.0/lib] ==> [/opt/intel/oneapi/dal/2021.2.0/lib]
  collapse library dir [/opt/intel/oneapi/tbb/2021.2.0/lib] ==> [/opt/intel/oneapi/tbb/2021.2.0/lib]
  collapse library dir [/opt/intel/oneapi/mkl/latest/lib] ==> [/opt/intel/oneapi/mkl/latest/lib]
  collapse library dir [/opt/intel/oneapi/ippcp/2021.2.0/lib] ==> [/opt/intel/oneapi/ippcp/2021.2.0/lib]
  collapse library dir [/opt/intel/oneapi/ipp/2021.2.0/lib] ==> [/opt/intel/oneapi/ipp/2021.2.0/lib]
  collapse library dir [/opt/intel/oneapi/dnnl/2021.2.0/cpu_iomp/lib] ==> [/opt/intel/oneapi/dnnl/2021.2.0/cpu_iomp/lib]
  collapse library dir [/opt/intel/oneapi/dal/2021.2.0/lib] ==> [/opt/intel/oneapi/dal/2021.2.0/lib]
  collapse library dir [/Library/Developer/CommandLineTools/SDKs/MacOSX11.1.sdk/usr/lib] ==> [/Library/Developer/CommandLineTools/SDKs/MacOSX11.1.sdk/usr/lib]
  collapse framework dir [/Library/Developer/CommandLineTools/SDKs/MacOSX11.1.sdk/System/Library/Frameworks/] ==> [/Library/Developer/CommandLineTools/SDKs/MacOSX11.1.sdk/System/Library/Frameworks]
  implicit libs: []
  implicit dirs: [/opt/intel/oneapi/tbb/latest/lib;/opt/intel/oneapi/mkl/latest/lib;/opt/intel/oneapi/ippcp/2021.2.0/lib;/opt/intel/oneapi/ipp/2021.2.0/lib;/opt/intel/oneapi/dnnl/2021.2.0/cpu_iomp/lib;/opt/intel/oneapi/dal/2021.2.0/lib;/opt/intel/oneapi/tbb/2021.2.0/lib;/Library/Developer/CommandLineTools/SDKs/MacOSX11.1.sdk/usr/lib]
  implicit fwks: [/Library/Developer/CommandLineTools/SDKs/MacOSX11.1.sdk/System/Library/Frameworks]


Determining if the include file pthread.h exists passed with the following output:
Change Dir: /Users/wpu/Documents/gtsam/cmake/CMakeFiles/CMakeTmp

Run Build Command(s):/usr/bin/make cmTC_25ff5/fast && /Library/Developer/CommandLineTools/usr/bin/make  -f CMakeFiles/cmTC_25ff5.dir/build.make CMakeFiles/cmTC_25ff5.dir/build
Building C object CMakeFiles/cmTC_25ff5.dir/CheckIncludeFile.c.o
/Library/Developer/CommandLineTools/usr/bin/cc   -isysroot /Library/Developer/CommandLineTools/SDKs/MacOSX11.1.sdk -o CMakeFiles/cmTC_25ff5.dir/CheckIncludeFile.c.o -c /Users/wpu/Documents/gtsam/cmake/CMakeFiles/CMakeTmp/CheckIncludeFile.c
Linking C executable cmTC_25ff5
/usr/local/Cellar/cmake/3.19.4/bin/cmake -E cmake_link_script CMakeFiles/cmTC_25ff5.dir/link.txt --verbose=1
/Library/Developer/CommandLineTools/usr/bin/cc  -isysroot /Library/Developer/CommandLineTools/SDKs/MacOSX11.1.sdk -Wl,-search_paths_first -Wl,-headerpad_max_install_names CMakeFiles/cmTC_25ff5.dir/CheckIncludeFile.c.o -o cmTC_25ff5 



Performing C SOURCE FILE Test CMAKE_HAVE_LIBC_PTHREAD succeeded with the following output:
Change Dir: /Users/wpu/Documents/gtsam/cmake/CMakeFiles/CMakeTmp

Run Build Command(s):/usr/bin/make cmTC_02545/fast && /Library/Developer/CommandLineTools/usr/bin/make  -f CMakeFiles/cmTC_02545.dir/build.make CMakeFiles/cmTC_02545.dir/build
Building C object CMakeFiles/cmTC_02545.dir/src.c.o
/Library/Developer/CommandLineTools/usr/bin/cc -DCMAKE_HAVE_LIBC_PTHREAD  -isysroot /Library/Developer/CommandLineTools/SDKs/MacOSX11.1.sdk -o CMakeFiles/cmTC_02545.dir/src.c.o -c /Users/wpu/Documents/gtsam/cmake/CMakeFiles/CMakeTmp/src.c
Linking C executable cmTC_02545
/usr/local/Cellar/cmake/3.19.4/bin/cmake -E cmake_link_script CMakeFiles/cmTC_02545.dir/link.txt --verbose=1
/Library/Developer/CommandLineTools/usr/bin/cc  -isysroot /Library/Developer/CommandLineTools/SDKs/MacOSX11.1.sdk -Wl,-search_paths_first -Wl,-headerpad_max_install_names CMakeFiles/cmTC_02545.dir/src.c.o -o cmTC_02545 


Source file was:
#include <pthread.h>

static void* test_func(void* data)
{
  return data;
}

int main(void)
{
  pthread_t thread;
  pthread_create(&thread, NULL, test_func, NULL);
  pthread_detach(thread);
  pthread_cancel(thread);
  pthread_join(thread, NULL);
  pthread_atfork(NULL, NULL, NULL);
  pthread_exit(NULL);

  return 0;
}

Determining if the include file execinfo.h exists passed with the following output:
Change Dir: /Users/wpu/Documents/gtsam/cmake/CMakeFiles/CMakeTmp

Run Build Command(s):/usr/bin/make cmTC_da216/fast && /Library/Developer/CommandLineTools/usr/bin/make  -f CMakeFiles/cmTC_da216.dir/build.make CMakeFiles/cmTC_da216.dir/build
Building C object CMakeFiles/cmTC_da216.dir/CheckIncludeFile.c.o
/Library/Developer/CommandLineTools/usr/bin/cc   -isysroot /Library/Developer/CommandLineTools/SDKs/MacOSX11.1.sdk -o CMakeFiles/cmTC_da216.dir/CheckIncludeFile.c.o -c /Users/wpu/Documents/gtsam/cmake/CMakeFiles/CMakeTmp/CheckIncludeFile.c
Linking C executable cmTC_da216
/usr/local/Cellar/cmake/3.19.4/bin/cmake -E cmake_link_script CMakeFiles/cmTC_da216.dir/link.txt --verbose=1
/Library/Developer/CommandLineTools/usr/bin/cc  -isysroot /Library/Developer/CommandLineTools/SDKs/MacOSX11.1.sdk -Wl,-search_paths_first -Wl,-headerpad_max_install_names CMakeFiles/cmTC_da216.dir/CheckIncludeFile.c.o -o cmTC_da216 



Determining if the function getline exists passed with the following output:
Change Dir: /Users/wpu/Documents/gtsam/cmake/CMakeFiles/CMakeTmp

Run Build Command(s):/usr/bin/make cmTC_d12e7/fast && /Library/Developer/CommandLineTools/usr/bin/make  -f CMakeFiles/cmTC_d12e7.dir/build.make CMakeFiles/cmTC_d12e7.dir/build
Building C object CMakeFiles/cmTC_d12e7.dir/CheckFunctionExists.c.o
/Library/Developer/CommandLineTools/usr/bin/cc   -DCHECK_FUNCTION_EXISTS=getline -isysroot /Library/Developer/CommandLineTools/SDKs/MacOSX11.1.sdk -o CMakeFiles/cmTC_d12e7.dir/CheckFunctionExists.c.o -c /usr/local/Cellar/cmake/3.19.4/share/cmake/Modules/CheckFunctionExists.c
Linking C executable cmTC_d12e7
/usr/local/Cellar/cmake/3.19.4/bin/cmake -E cmake_link_script CMakeFiles/cmTC_d12e7.dir/link.txt --verbose=1
/Library/Developer/CommandLineTools/usr/bin/cc  -DCHECK_FUNCTION_EXISTS=getline -isysroot /Library/Developer/CommandLineTools/SDKs/MacOSX11.1.sdk -Wl,-search_paths_first -Wl,-headerpad_max_install_names CMakeFiles/cmTC_d12e7.dir/CheckFunctionExists.c.o -o cmTC_d12e7 



